C251 COMPILER V5.60.0,  main                                                               10/11/23  14:10:29  PAGE 1   


C251 COMPILER V5.60.0, COMPILATION OF MODULE main
OBJECT MODULE PLACED IN .\Out_File\main.obj
COMPILER INVOKED BY: F:\keil\C251\BIN\C251.EXE ..\USER\src\main.c XSMALL INTR2 WARNINGLEVEL(3) BROWSE INCDIR(..\..\Libra
                    -ries\libraries;..\..\Libraries\seekfree_libraries;..\..\Libraries\seekfree_peripheral;..\CODE;..\USER\inc;..\USER\src) D
                    -EBUG PRINT(.\Out_File\main.lst) TABS(2) OBJECT(.\Out_File\main.obj) 

stmt  level    source

*** WARNING C500 IN LINE 1 OF ..\USER\src\main.c:  LICENSE ERROR (R207(3): REGISTRY READ ERROR)

    1          /********************************************************************************************************
             -*************
    2           * COPYRIGHT NOTICE
    3           * Copyright (c) 2020,逐飞科技
    4           * All rights reserved.
    5           * 技术讨论QQ群：一群：179029047(已满)  二群：244861897(已满)  三群：824575535
    6           *
    7           * 以下所有内容版权均属逐飞科技所有，未经允许不得用于商业用途，
    8           * 欢迎各位使用并传播本程序，修改内容时必须保留逐飞科技的版权声明。
    9           *
   10           * @file          main
   11           * @company       成都逐飞科技有限公司
   12           * @author        逐飞科技(QQ790875685)
   13           * @version       查看doc内version文件 版本说明
   14           * @Software    MDK FOR C251 V5.60
   15           * @Target core   STC32G12K1287
   16           * @Taobao      https://seekfree.taobao.com/
   17           * @date          2020-12-18
   18           ********************************************************************************************************
             -************/
   19          #include "headfile.h"
*** ERROR C318 IN LINE 19 OF ..\USER\src\main.c: can't open file 'headfile.h'
   20          
   21          /*
   22           * 系统频率，可查看board.h中的 FOSC 宏定义修改。
   23           * board.h文件中FOSC的值设置为0,则程序自动设置系统频率为33.1776MHZ
   24           * 在board_init中,已经将P54引脚设置为复位
   25           * 如果需要使用P54引脚,可以在board.c文件中的board_init()函数中删除SET_P54_RESRT即可
   26           */
   27           
   28          //uint8 push_flag=0,key_num=0,key_num2=0;
   29          //extern uint8 key_value,key_push_flag;
   30          //extern uint32 key_push_time,key_rotate;
   31          
   32          void main()
   33          {
   34   1        board_init();     // 初始化寄存器,勿删除此句代码。
*** WARNING C140 IN LINE 34 OF ..\USER\src\main.c: 'board_init' undefined; assuming 'extern int board_init()'
   35   1        // 此处编写用户代码(例如：外设初始化代码等)
   36   1        pit_timer_ms(TIM_4,5);
*** ERROR C67 IN LINE 36 OF ..\USER\src\main.c: 'TIM_4': undefined identifier
*** WARNING C140 IN LINE 36 OF ..\USER\src\main.c: 'pit_timer_ms' undefined; assuming 'extern int pit_timer_ms()'
   37   1        OLED_Init();
*** WARNING C140 IN LINE 37 OF ..\USER\src\main.c: 'OLED_Init' undefined; assuming 'extern int OLED_Init()'
   38   1        OLED_ColorTurn(0);
*** WARNING C140 IN LINE 38 OF ..\USER\src\main.c: 'OLED_ColorTurn' undefined; assuming 'extern int OLED_ColorTurn()'
*** WARNING C95 IN LINE 38 OF ..\USER\src\main.c: 'OLED_ColorTurn': too many actual parameters
   39   1        OLED_DisplayTurn(0);
*** WARNING C140 IN LINE 39 OF ..\USER\src\main.c: 'OLED_DisplayTurn' undefined; assuming 'extern int OLED_DisplayTurn()
             -'
*** WARNING C95 IN LINE 39 OF ..\USER\src\main.c: 'OLED_DisplayTurn': too many actual parameters
   40   1        adc_init(ADC_P00,ADC_SYSclk_DIV_32);//adc1
*** ERROR C67 IN LINE 40 OF ..\USER\src\main.c: 'ADC_P00': undefined identifier
*** ERROR C67 IN LINE 40 OF ..\USER\src\main.c: 'ADC_SYSclk_DIV_32': undefined identifier
*** WARNING C140 IN LINE 40 OF ..\USER\src\main.c: 'adc_init' undefined; assuming 'extern int adc_init()'
   41   1        adc_init(ADC_P01,ADC_SYSclk_DIV_32);//adc2
C251 COMPILER V5.60.0,  main                                                               10/11/23  14:10:29  PAGE 2   

*** ERROR C67 IN LINE 41 OF ..\USER\src\main.c: 'ADC_P01': undefined identifier
*** ERROR C67 IN LINE 41 OF ..\USER\src\main.c: 'ADC_SYSclk_DIV_32': undefined identifier
   42   1        pwm_init(PWMA_CH3P_P24, 0, 0);//pwm1
*** ERROR C67 IN LINE 42 OF ..\USER\src\main.c: 'PWMA_CH3P_P24': undefined identifier
*** WARNING C140 IN LINE 42 OF ..\USER\src\main.c: 'pwm_init' undefined; assuming 'extern int pwm_init()'
   43   1        pwm_init(PWMB_CH2_P21,  0, 0);//pwm2
*** ERROR C67 IN LINE 43 OF ..\USER\src\main.c: 'PWMB_CH2_P21': undefined identifier
   44   1        pwm_init(PWMB_CH1_P20,  0, 0);//pwm3
*** ERROR C67 IN LINE 44 OF ..\USER\src\main.c: 'PWMB_CH1_P20': undefined identifier
   45   1        pwm_init(PWMA_CH4P_P34, 0, 0);//pwm4
*** ERROR C67 IN LINE 45 OF ..\USER\src\main.c: 'PWMA_CH4P_P34': undefined identifier
   46   1      //  OLED_ShowChar(52,20,97+' ',24,1);
   47   1      //  OLED_ShowChar(52,44,98+' ',24,1);
   48   1      //  OLED_ShowChar(64,20,97+' ',24,1);
   49   1      //  OLED_ShowChar(64,44,98+' ',24,1);
   50   1        windows_start();
*** WARNING C140 IN LINE 50 OF ..\USER\src\main.c: 'windows_start' undefined; assuming 'extern int windows_start()'
   51   1      
   52   1      
   53   1        
   54   1        while(1)
   55   1        { 
   56   2      //    windows_adc();
   57   2          key_work();
*** WARNING C140 IN LINE 57 OF ..\USER\src\main.c: 'key_work' undefined; assuming 'extern int key_work()'
   58   2      //    if(P23==0)
   59   2      //    {
   60   2      //      push_flag=1;
   61   2      //      num++;
   62   2      //      OLED_Clear(OLED_CLEAR_BLACK);
   63   2      //    }
   64   2      //    OLED_ShowNum(0,0,key_value,2,16,1);
   65   2      //    OLED_Refresh();
   66   2      //    if(push_flag)
   67   2      //    {
   68   2      //      OLED_ShowNum(0,0,num,2,16,1);
   69   2      //      OLED_ShowChar(26,24,95+' ',16,1);
   70   2      //      OLED_ShowChar(38,20,95+' ',24,1);
   71   2      //      OLED_ShowChar(58,20,95+' ',24,1);
   72   2      //      OLED_ShowChar(78,20,95+' ',24,1);
   73   2      //      OLED_ShowChar(94,24,95+' ',16,1);
   74   2      //      OLED_Refresh();
   75   2      //      delay_ms(500);
   76   2      //      OLED_ShowChar(26,24,95+' ',16,1);
   77   2      //      OLED_ShowChar(38,20,95+' ',24,1);
   78   2      //      OLED_ShowChar(58,20,96+' ',24,1);
   79   2      //      OLED_ShowChar(78,20,95+' ',24,1);
   80   2      //      OLED_ShowChar(94,24,95+' ',16,1);
   81   2      //      OLED_Refresh();
   82   2      //      delay_ms(500);
   83   2      //      OLED_ShowChar(26,24,95+' ',16,1);
   84   2      //      OLED_ShowChar(38,20,96+' ',24,1);
   85   2      //      OLED_ShowChar(58,20,96+' ',24,1);
   86   2      //      OLED_ShowChar(78,20,96+' ',24,1);
   87   2      //      OLED_ShowChar(94,24,95+' ',16,1);
   88   2      //      OLED_Refresh();   
   89   2      //      delay_ms(500);
   90   2      //      OLED_ShowChar(26,24,96+' ',16,1);
   91   2      //      OLED_ShowChar(38,20,96+' ',24,1);
   92   2      //      OLED_ShowChar(58,20,96+' ',24,1);
   93   2      //      OLED_ShowChar(78,20,96+' ',24,1);
   94   2      //      OLED_ShowChar(94,24,96+' ',16,1);
   95   2      //      OLED_Refresh();     
   96   2      //      delay_ms(500);      
   97   2      //    }
   98   2          
C251 COMPILER V5.60.0,  main                                                               10/11/23  14:10:29  PAGE 3   

   99   2        }
  100   1      }

C251 COMPILATION COMPLETE.  12 WARNING(S),  10 ERROR(S)
