C251 COMPILER V5.60.0,  oled                                                               10/11/23  14:10:29  PAGE 1   


C251 COMPILER V5.60.0, COMPILATION OF MODULE oled
OBJECT MODULE PLACED IN .\Out_File\oled.obj
COMPILER INVOKED BY: F:\keil\C251\BIN\C251.EXE ..\USER\src\oled.c XSMALL INTR2 WARNINGLEVEL(3) BROWSE INCDIR(..\..\Libra
                    -ries\libraries;..\..\Libraries\seekfree_libraries;..\..\Libraries\seekfree_peripheral;..\CODE;..\USER\inc;..\USER\src) D
                    -EBUG PRINT(.\Out_File\oled.lst) TABS(2) OBJECT(.\Out_File\oled.obj) 

stmt  level    source

*** WARNING C500 IN LINE 1 OF ..\USER\src\oled.c:  LICENSE ERROR (R207(3): REGISTRY READ ERROR)

    1          #include "oled.h"
*** ERROR C318 IN LINE 5 OF ..\USER\inc\oled.h: can't open file 'headfile.h'
*** ERROR C25 IN LINE 28 OF ..\USER\inc\oled.h: syntax error near 'x'
*** ERROR C25 IN LINE 29 OF ..\USER\inc\oled.h: syntax error near 'i'
*** ERROR C25 IN LINE 30 OF ..\USER\inc\oled.h: syntax error near 'i'
*** ERROR C25 IN LINE 34 OF ..\USER\inc\oled.h: syntax error near 'dat'
*** ERROR C25 IN LINE 35 OF ..\USER\inc\oled.h: syntax error near 'dat'
*** ERROR C25 IN LINE 39 OF ..\USER\inc\oled.h: syntax error near 'CLEAR_COLOR'
*** ERROR C25 IN LINE 40 OF ..\USER\inc\oled.h: syntax error near 'x'
*** ERROR C25 IN LINE 41 OF ..\USER\inc\oled.h: syntax error near 'x1'
*** ERROR C25 IN LINE 42 OF ..\USER\inc\oled.h: syntax error near 'x'
*** ERROR C25 IN LINE 43 OF ..\USER\inc\oled.h: syntax error near 'x'
*** ERROR C25 IN LINE 44 OF ..\USER\inc\oled.h: syntax error near 'x'
*** ERROR C7 IN LINE 44 OF ..\USER\inc\oled.h: compilation aborted

C251 COMPILATION COMPLETE.  1 WARNING(S),  13 ERROR(S)
